Using pre-set license

 COMMAND LINE ARGUMENTS:
/Applications/Unity/Hub/Editor/2020.3.1f1/Unity.app/Contents/MacOS/Unity
-adb2
-batchMode
-noUpm
-name
AssetImportWorker1
-projectPath
/Users/sergej/Documents/GitHub/digger/dark/Dark
-logFile
Logs/AssetImportWorker1.log
-srvPort
49812
Successfully changed project path to: /Users/sergej/Documents/GitHub/digger/dark/Dark
/Users/sergej/Documents/GitHub/digger/dark/Dark
Using Asset Import Pipeline V2.
Refreshing native plugins compatible for Editor in 45.25 ms, found 2 plugins.
Preloading 0 native plugins for Editor in 0.00 ms.
Initialize engine version: 2020.3.1f1 (77a89f25062f)
[Subsystems] Discovering subsystems at path /Applications/Unity/Hub/Editor/2020.3.1f1/Unity.app/Contents/Resources/UnitySubsystems
[Subsystems] Discovering subsystems at path /Users/sergej/Documents/GitHub/digger/dark/Dark/Assets
GfxDevice: creating device client; threaded=0
2021-05-09 17:33:46.242 Unity[10201:15570256] Color LCD preferred device: Intel(R) Iris(TM) Plus Graphics 640 (low power)
2021-05-09 17:33:46.242 Unity[10201:15570256] Metal devices available: 1
2021-05-09 17:33:46.242 Unity[10201:15570256] 0: Intel(R) Iris(TM) Plus Graphics 640 (low power)
2021-05-09 17:33:46.242 Unity[10201:15570256] Using device Intel(R) Iris(TM) Plus Graphics 640 (low power)
Initializing Metal device caps: Intel(R) Iris(TM) Plus Graphics 640
Initialize mono
Mono path[0] = '/Applications/Unity/Hub/Editor/2020.3.1f1/Unity.app/Contents/Managed'
Mono path[1] = '/Applications/Unity/Hub/Editor/2020.3.1f1/Unity.app/Contents/MonoBleedingEdge/lib/mono/unityjit'
Mono config path = '/Applications/Unity/Hub/Editor/2020.3.1f1/Unity.app/Contents/MonoBleedingEdge/etc'
Using monoOptions --debugger-agent=transport=dt_socket,embedding=1,server=y,suspend=n,address=127.0.0.1:56201
Begin MonoManager ReloadAssembly
Registering precompiled unity dll's ...
Register platform support module: /Applications/Unity/Hub/Editor/2020.3.1f1/Unity.app/Contents/PlaybackEngines/MacStandaloneSupport/UnityEditor.OSXStandalone.Extensions.dll
Register platform support module: /Applications/Unity/Hub/Editor/2020.3.1f1/PlaybackEngines/WindowsStandaloneSupport/UnityEditor.WindowsStandalone.Extensions.dll
Registered in 0.002913 seconds.
Native extension for WindowsStandalone target not found
Native extension for OSXStandalone target not found
Refreshing native plugins compatible for Editor in 48.84 ms, found 2 plugins.
Preloading 0 native plugins for Editor in 0.00 ms.
Invoked RoslynAnalysisRunner static constructor.
RoslynAnalysisRunner will not be running.
RoslynAnalysisRunner has terminated.
Mono: successfully reloaded assembly
- Completed reload, in  2.714 seconds
Platform modules already initialized, skipping
Registering precompiled user dll's ...
Registered in 0.001623 seconds.
Begin MonoManager ReloadAssembly
Native extension for WindowsStandalone target not found
Native extension for OSXStandalone target not found
Refreshing native plugins compatible for Editor in 47.85 ms, found 2 plugins.
Preloading 0 native plugins for Editor in 0.00 ms.
Invoked RoslynAnalysisRunner static constructor.
RoslynAnalysisRunner will not be running.
RoslynAnalysisRunner has terminated.
Mono: successfully reloaded assembly
- Completed reload, in  1.339 seconds
Platform modules already initialized, skipping
========================================================================
Worker process is ready to serve import requests
Launching external process: /Applications/Unity/Hub/Editor/2020.3.1f1/Unity.app/Contents/Tools/UnityShaderCompiler
Launched and connected shader compiler UnityShaderCompiler after 0.04 seconds
Refreshing native plugins compatible for Editor in 0.52 ms, found 2 plugins.
Preloading 0 native plugins for Editor in 0.00 ms.
Unloading 1884 Unused Serialized files (Serialized files now loaded: 0)
System memory in use before: 146.3 MB.
System memory in use after: 146.4 MB.

Unloading 19 unused Assets to reduce memory usage. Loaded Objects now: 2333.
Total: 2.924496 ms (FindLiveObjects: 0.351222 ms CreateObjectMapping: 0.136088 ms MarkObjects: 2.357980 ms  DeleteObjects: 0.077821 ms)

========================================================================
Received Import Request.
  path: Assets/PacMan/PacMan
  artifactKey: Guid(49f6de6ed93f04314848a58f28e7978f) Importer(815301076,1909f56bfc062723c751e8b465ee728b)
Start importing Assets/PacMan/PacMan using Guid(49f6de6ed93f04314848a58f28e7978f) Importer(815301076,1909f56bfc062723c751e8b465ee728b)  -> (artifact id: '1c9aa5f3d487195b6c69dd7e2d410734') in 0.006129 seconds
  Import took 0.009739 seconds .

========================================================================
Received Prepare
Registering precompiled user dll's ...
Registered in 0.001818 seconds.
Begin MonoManager ReloadAssembly
Native extension for WindowsStandalone target not found
Native extension for OSXStandalone target not found
Refreshing native plugins compatible for Editor in 0.42 ms, found 2 plugins.
Preloading 0 native plugins for Editor in 0.00 ms.
Invoked RoslynAnalysisRunner static constructor.
RoslynAnalysisRunner will not be running.
RoslynAnalysisRunner has terminated.
Mono: successfully reloaded assembly
- Completed reload, in  1.557 seconds
Platform modules already initialized, skipping
Refreshing native plugins compatible for Editor in 0.64 ms, found 2 plugins.
Preloading 0 native plugins for Editor in 0.00 ms.
Unloading 1861 Unused Serialized files (Serialized files now loaded: 0)
System memory in use before: 145.0 MB.
System memory in use after: 145.1 MB.

Unloading 7 unused Assets to reduce memory usage. Loaded Objects now: 2337.
Total: 3.487426 ms (FindLiveObjects: 0.337843 ms CreateObjectMapping: 0.130986 ms MarkObjects: 2.981822 ms  DeleteObjects: 0.033846 ms)

========================================================================
Received Prepare
Registering precompiled user dll's ...
Registered in 0.002161 seconds.
Begin MonoManager ReloadAssembly
Native extension for WindowsStandalone target not found
Native extension for OSXStandalone target not found
Refreshing native plugins compatible for Editor in 0.47 ms, found 2 plugins.
Preloading 0 native plugins for Editor in 0.00 ms.
Invoked RoslynAnalysisRunner static constructor.
RoslynAnalysisRunner will not be running.
RoslynAnalysisRunner has terminated.
Mono: successfully reloaded assembly
- Completed reload, in  1.243 seconds
Platform modules already initialized, skipping
Refreshing native plugins compatible for Editor in 0.49 ms, found 2 plugins.
Preloading 0 native plugins for Editor in 0.00 ms.
Unloading 1861 Unused Serialized files (Serialized files now loaded: 0)
System memory in use before: 145.2 MB.
System memory in use after: 145.3 MB.

Unloading 7 unused Assets to reduce memory usage. Loaded Objects now: 2341.
Total: 2.828063 ms (FindLiveObjects: 0.414347 ms CreateObjectMapping: 0.134445 ms MarkObjects: 2.258005 ms  DeleteObjects: 0.020032 ms)

========================================================================
Received Import Request.
  Time since last request: 2790.148238 seconds.
  path: Assets/PacMan/Scripts/CoordsInTilemap.cs
  artifactKey: Guid(ab15a826b5ea64433bc4253d591587b3) Importer(815301076,1909f56bfc062723c751e8b465ee728b)
Start importing Assets/PacMan/Scripts/CoordsInTilemap.cs using Guid(ab15a826b5ea64433bc4253d591587b3) Importer(815301076,1909f56bfc062723c751e8b465ee728b)  -> (artifact id: 'b83c1b0d6304cdcea85e334488f5bd3c') in 0.433857 seconds
  Import took 0.462452 seconds .

========================================================================
Received Prepare
Registering precompiled user dll's ...
Registered in 0.002271 seconds.
Begin MonoManager ReloadAssembly
Native extension for WindowsStandalone target not found
Native extension for OSXStandalone target not found
Refreshing native plugins compatible for Editor in 0.40 ms, found 2 plugins.
Preloading 0 native plugins for Editor in 0.00 ms.
Invoked RoslynAnalysisRunner static constructor.
RoslynAnalysisRunner will not be running.
RoslynAnalysisRunner has terminated.
Mono: successfully reloaded assembly
- Completed reload, in  1.887 seconds
Platform modules already initialized, skipping
Refreshing native plugins compatible for Editor in 2.78 ms, found 2 plugins.
Preloading 0 native plugins for Editor in 0.00 ms.
Unloading 1862 Unused Serialized files (Serialized files now loaded: 0)
System memory in use before: 150.0 MB.
System memory in use after: 150.2 MB.

Unloading 7 unused Assets to reduce memory usage. Loaded Objects now: 2346.
Total: 8.241474 ms (FindLiveObjects: 2.968253 ms CreateObjectMapping: 0.165035 ms MarkObjects: 5.077354 ms  DeleteObjects: 0.026859 ms)

========================================================================
Received Prepare
Registering precompiled user dll's ...
Registered in 0.001039 seconds.
Begin MonoManager ReloadAssembly
Native extension for WindowsStandalone target not found
Native extension for OSXStandalone target not found
Refreshing native plugins compatible for Editor in 0.45 ms, found 2 plugins.
Preloading 0 native plugins for Editor in 0.00 ms.
Invoked RoslynAnalysisRunner static constructor.
RoslynAnalysisRunner will not be running.
RoslynAnalysisRunner has terminated.
Mono: successfully reloaded assembly
- Completed reload, in  1.031 seconds
Platform modules already initialized, skipping
Refreshing native plugins compatible for Editor in 0.46 ms, found 2 plugins.
Preloading 0 native plugins for Editor in 0.00 ms.
Unloading 1862 Unused Serialized files (Serialized files now loaded: 0)
System memory in use before: 150.3 MB.
System memory in use after: 150.4 MB.

Unloading 7 unused Assets to reduce memory usage. Loaded Objects now: 2350.
Total: 2.205123 ms (FindLiveObjects: 0.294050 ms CreateObjectMapping: 0.077806 ms MarkObjects: 1.808700 ms  DeleteObjects: 0.023489 ms)

========================================================================
Received Import Request.
  Time since last request: 274.885728 seconds.
  path: Assets/PacMan/Scripts/CoordsInTilemap.cs
  artifactKey: Guid(ab15a826b5ea64433bc4253d591587b3) Importer(815301076,1909f56bfc062723c751e8b465ee728b)
Start importing Assets/PacMan/Scripts/CoordsInTilemap.cs using Guid(ab15a826b5ea64433bc4253d591587b3) Importer(815301076,1909f56bfc062723c751e8b465ee728b)  -> (artifact id: '29466cc573bcf8a11160fcbd77e185c6') in 0.015056 seconds
  Import took 0.020103 seconds .

========================================================================
Received Prepare
Registering precompiled user dll's ...
Registered in 0.000910 seconds.
Begin MonoManager ReloadAssembly
Native extension for WindowsStandalone target not found
Native extension for OSXStandalone target not found
Refreshing native plugins compatible for Editor in 0.55 ms, found 2 plugins.
Preloading 0 native plugins for Editor in 0.00 ms.
Invoked RoslynAnalysisRunner static constructor.
RoslynAnalysisRunner will not be running.
RoslynAnalysisRunner has terminated.
Mono: successfully reloaded assembly
- Completed reload, in  1.156 seconds
Platform modules already initialized, skipping
Refreshing native plugins compatible for Editor in 0.44 ms, found 2 plugins.
Preloading 0 native plugins for Editor in 0.00 ms.
Unloading 1862 Unused Serialized files (Serialized files now loaded: 0)
System memory in use before: 150.5 MB.
System memory in use after: 150.5 MB.

Unloading 7 unused Assets to reduce memory usage. Loaded Objects now: 2354.
Total: 2.988610 ms (FindLiveObjects: 0.432260 ms CreateObjectMapping: 0.137216 ms MarkObjects: 2.395566 ms  DeleteObjects: 0.021377 ms)

========================================================================
Received Import Request.
  Time since last request: 244.921577 seconds.
  path: Assets/PacMan/Scripts/CoordsInTilemap.cs
  artifactKey: Guid(ab15a826b5ea64433bc4253d591587b3) Importer(815301076,1909f56bfc062723c751e8b465ee728b)
Start importing Assets/PacMan/Scripts/CoordsInTilemap.cs using Guid(ab15a826b5ea64433bc4253d591587b3) Importer(815301076,1909f56bfc062723c751e8b465ee728b)  -> (artifact id: 'e2c5d2941b8bff86065a3a0b3fc3c356') in 0.006467 seconds
  Import took 0.011541 seconds .

========================================================================
Received Prepare
Registering precompiled user dll's ...
Registered in 0.001636 seconds.
Begin MonoManager ReloadAssembly
Native extension for WindowsStandalone target not found
Native extension for OSXStandalone target not found
Refreshing native plugins compatible for Editor in 0.42 ms, found 2 plugins.
Preloading 0 native plugins for Editor in 0.00 ms.
Invoked RoslynAnalysisRunner static constructor.
RoslynAnalysisRunner will not be running.
RoslynAnalysisRunner has terminated.
Mono: successfully reloaded assembly
- Completed reload, in  1.030 seconds
Platform modules already initialized, skipping
Refreshing native plugins compatible for Editor in 0.35 ms, found 2 plugins.
Preloading 0 native plugins for Editor in 0.00 ms.
Unloading 1862 Unused Serialized files (Serialized files now loaded: 0)
System memory in use before: 150.6 MB.
System memory in use after: 150.7 MB.

Unloading 7 unused Assets to reduce memory usage. Loaded Objects now: 2358.
Total: 2.020393 ms (FindLiveObjects: 0.245135 ms CreateObjectMapping: 0.077361 ms MarkObjects: 1.679956 ms  DeleteObjects: 0.016393 ms)

========================================================================
Received Prepare
Registering precompiled user dll's ...
Registered in 0.000604 seconds.
Begin MonoManager ReloadAssembly
Native extension for WindowsStandalone target not found
Native extension for OSXStandalone target not found
Refreshing native plugins compatible for Editor in 0.38 ms, found 2 plugins.
Preloading 0 native plugins for Editor in 0.00 ms.
Invoked RoslynAnalysisRunner static constructor.
RoslynAnalysisRunner will not be running.
RoslynAnalysisRunner has terminated.
Mono: successfully reloaded assembly
- Completed reload, in  1.220 seconds
Platform modules already initialized, skipping
Refreshing native plugins compatible for Editor in 0.46 ms, found 2 plugins.
Preloading 0 native plugins for Editor in 0.00 ms.
Unloading 1862 Unused Serialized files (Serialized files now loaded: 0)
System memory in use before: 150.8 MB.
System memory in use after: 150.9 MB.

Unloading 7 unused Assets to reduce memory usage. Loaded Objects now: 2362.
Total: 2.372750 ms (FindLiveObjects: 0.352232 ms CreateObjectMapping: 0.120922 ms MarkObjects: 1.876305 ms  DeleteObjects: 0.021287 ms)

========================================================================
Received Prepare
Registering precompiled user dll's ...
Registered in 0.000573 seconds.
Begin MonoManager ReloadAssembly
Native extension for WindowsStandalone target not found
Native extension for OSXStandalone target not found
Refreshing native plugins compatible for Editor in 0.42 ms, found 2 plugins.
Preloading 0 native plugins for Editor in 0.00 ms.
Invoked RoslynAnalysisRunner static constructor.
RoslynAnalysisRunner will not be running.
RoslynAnalysisRunner has terminated.
Mono: successfully reloaded assembly
- Completed reload, in  1.053 seconds
Platform modules already initialized, skipping
Refreshing native plugins compatible for Editor in 0.44 ms, found 2 plugins.
Preloading 0 native plugins for Editor in 0.00 ms.
Unloading 1862 Unused Serialized files (Serialized files now loaded: 0)
System memory in use before: 151.0 MB.
System memory in use after: 151.1 MB.

Unloading 7 unused Assets to reduce memory usage. Loaded Objects now: 2366.
Total: 2.579714 ms (FindLiveObjects: 0.468359 ms CreateObjectMapping: 0.146435 ms MarkObjects: 1.927384 ms  DeleteObjects: 0.021237 ms)

========================================================================
Received Prepare
Registering precompiled user dll's ...
Registered in 0.001617 seconds.
Begin MonoManager ReloadAssembly
Native extension for WindowsStandalone target not found
Native extension for OSXStandalone target not found
Refreshing native plugins compatible for Editor in 0.47 ms, found 2 plugins.
Preloading 0 native plugins for Editor in 0.00 ms.
Invoked RoslynAnalysisRunner static constructor.
RoslynAnalysisRunner will not be running.
RoslynAnalysisRunner has terminated.
Mono: successfully reloaded assembly
- Completed reload, in  1.044 seconds
Platform modules already initialized, skipping
Refreshing native plugins compatible for Editor in 0.47 ms, found 2 plugins.
Preloading 0 native plugins for Editor in 0.00 ms.
Unloading 1862 Unused Serialized files (Serialized files now loaded: 0)
System memory in use before: 151.2 MB.
System memory in use after: 151.3 MB.

Unloading 7 unused Assets to reduce memory usage. Loaded Objects now: 2370.
Total: 2.632310 ms (FindLiveObjects: 0.323565 ms CreateObjectMapping: 0.111282 ms MarkObjects: 2.174249 ms  DeleteObjects: 0.021165 ms)

========================================================================
Received Prepare
Registering precompiled user dll's ...
Registered in 0.001190 seconds.
Begin MonoManager ReloadAssembly
Native extension for WindowsStandalone target not found
Native extension for OSXStandalone target not found
Refreshing native plugins compatible for Editor in 0.48 ms, found 2 plugins.
Preloading 0 native plugins for Editor in 0.00 ms.
Invoked RoslynAnalysisRunner static constructor.
RoslynAnalysisRunner will not be running.
RoslynAnalysisRunner has terminated.
Mono: successfully reloaded assembly
- Completed reload, in  1.238 seconds
Platform modules already initialized, skipping
Refreshing native plugins compatible for Editor in 0.46 ms, found 2 plugins.
Preloading 0 native plugins for Editor in 0.00 ms.
Unloading 1862 Unused Serialized files (Serialized files now loaded: 0)
System memory in use before: 151.4 MB.
System memory in use after: 151.5 MB.

Unloading 7 unused Assets to reduce memory usage. Loaded Objects now: 2374.
Total: 2.455960 ms (FindLiveObjects: 0.430274 ms CreateObjectMapping: 0.123331 ms MarkObjects: 1.871362 ms  DeleteObjects: 0.028819 ms)

========================================================================
Received Prepare
Registering precompiled user dll's ...
Registered in 0.000576 seconds.
Begin MonoManager ReloadAssembly
Native extension for WindowsStandalone target not found
Native extension for OSXStandalone target not found
Refreshing native plugins compatible for Editor in 0.71 ms, found 2 plugins.
Preloading 0 native plugins for Editor in 0.00 ms.
Invoked RoslynAnalysisRunner static constructor.
RoslynAnalysisRunner will not be running.
RoslynAnalysisRunner has terminated.
Mono: successfully reloaded assembly
- Completed reload, in  1.035 seconds
Platform modules already initialized, skipping
Refreshing native plugins compatible for Editor in 0.45 ms, found 2 plugins.
Preloading 0 native plugins for Editor in 0.00 ms.
Unloading 1862 Unused Serialized files (Serialized files now loaded: 0)
System memory in use before: 151.6 MB.
System memory in use after: 151.7 MB.

Unloading 7 unused Assets to reduce memory usage. Loaded Objects now: 2378.
Total: 3.011148 ms (FindLiveObjects: 0.364155 ms CreateObjectMapping: 0.127217 ms MarkObjects: 2.486216 ms  DeleteObjects: 0.031304 ms)

========================================================================
Received Import Request.
  Time since last request: 985.669989 seconds.
  path: Assets/PacMan/Scripts/Algorithms.cs
  artifactKey: Guid(15abdf5d3d5244adfb7462c5afad740e) Importer(815301076,1909f56bfc062723c751e8b465ee728b)
Start importing Assets/PacMan/Scripts/Algorithms.cs using Guid(15abdf5d3d5244adfb7462c5afad740e) Importer(815301076,1909f56bfc062723c751e8b465ee728b)  -> (artifact id: '0f3b2b493e26451d1d1c0bc663bd28aa') in 0.014729 seconds
  Import took 0.021330 seconds .

========================================================================
Received Import Request.
  Time since last request: 0.010118 seconds.
  path: Assets/PacMan/Scripts/Algorithms.cs
  artifactKey: Guid(15abdf5d3d5244adfb7462c5afad740e) Importer(815301076,1909f56bfc062723c751e8b465ee728b)
Start importing Assets/PacMan/Scripts/Algorithms.cs using Guid(15abdf5d3d5244adfb7462c5afad740e) Importer(815301076,1909f56bfc062723c751e8b465ee728b)  -> (artifact id: '0f3b2b493e26451d1d1c0bc663bd28aa') in 0.005482 seconds
  Import took 0.011372 seconds .

========================================================================
Received Import Request.
  Time since last request: 28.746148 seconds.
  path: Assets/PacMan/Scripts/Algorithms.cs
  artifactKey: Guid(15abdf5d3d5244adfb7462c5afad740e) Importer(815301076,1909f56bfc062723c751e8b465ee728b)
Start importing Assets/PacMan/Scripts/Algorithms.cs using Guid(15abdf5d3d5244adfb7462c5afad740e) Importer(815301076,1909f56bfc062723c751e8b465ee728b)  -> (artifact id: '9eb47b75dab997a79556c304d43dbe72') in 0.001483 seconds
  Import took 0.005699 seconds .

========================================================================
Received Prepare
Registering precompiled user dll's ...
Registered in 0.001005 seconds.
Begin MonoManager ReloadAssembly
Native extension for WindowsStandalone target not found
Native extension for OSXStandalone target not found
Refreshing native plugins compatible for Editor in 0.45 ms, found 2 plugins.
Preloading 0 native plugins for Editor in 0.00 ms.
Invoked RoslynAnalysisRunner static constructor.
RoslynAnalysisRunner will not be running.
RoslynAnalysisRunner has terminated.
Mono: successfully reloaded assembly
- Completed reload, in  1.013 seconds
Platform modules already initialized, skipping
Refreshing native plugins compatible for Editor in 0.51 ms, found 2 plugins.
Preloading 0 native plugins for Editor in 0.00 ms.
Unloading 1862 Unused Serialized files (Serialized files now loaded: 0)
System memory in use before: 151.8 MB.
System memory in use after: 151.9 MB.

Unloading 7 unused Assets to reduce memory usage. Loaded Objects now: 2382.
Total: 2.511505 ms (FindLiveObjects: 0.358459 ms CreateObjectMapping: 0.123877 ms MarkObjects: 2.006045 ms  DeleteObjects: 0.021005 ms)

========================================================================
Received Import Request.
  Time since last request: 68.582225 seconds.
  path: Assets/PacMan/Scripts/Algorithms.cs
  artifactKey: Guid(15abdf5d3d5244adfb7462c5afad740e) Importer(815301076,1909f56bfc062723c751e8b465ee728b)
Start importing Assets/PacMan/Scripts/Algorithms.cs using Guid(15abdf5d3d5244adfb7462c5afad740e) Importer(815301076,1909f56bfc062723c751e8b465ee728b)  -> (artifact id: '142a2197d64ca9c62f6df1a0fcf7e5e1') in 0.006567 seconds
  Import took 0.009967 seconds .

========================================================================
Received Import Request.
  Time since last request: 0.001163 seconds.
  path: Assets/PacMan/Scripts/Algorithms.cs
  artifactKey: Guid(15abdf5d3d5244adfb7462c5afad740e) Importer(815301076,1909f56bfc062723c751e8b465ee728b)
Start importing Assets/PacMan/Scripts/Algorithms.cs using Guid(15abdf5d3d5244adfb7462c5afad740e) Importer(815301076,1909f56bfc062723c751e8b465ee728b)  -> (artifact id: '142a2197d64ca9c62f6df1a0fcf7e5e1') in 0.001743 seconds
  Import took 0.004786 seconds .

AssetImportWorkerClient::OnTransportError - code=2 error=End of file
