Using pre-set license
Built from '2020.3/release' branch; Version is '2020.3.1f1 (77a89f25062f) revision 7841951'; Using compiler version '192528614'; Build Type 'Release'
OS: 'Windows 10 Home Single Language; OS build 19042.928; Version 2009; 64bit' Language: 'ru' Physical Memory: 7129 MB
BatchMode: 1, IsHumanControllingUs: 0, StartBugReporterOnCrash: 0, Is64bit: 1, IsPro: 0

 COMMAND LINE ARGUMENTS:
C:\Program Files\Unity\Hub\Editor\2020.3.1f1\Editor\Unity.exe
-adb2
-batchMode
-noUpm
-name
AssetImportWorker0
-projectPath
C:/Users/alexa/Desktop/Dark/Dark
-logFile
Logs/AssetImportWorker0.log
-srvPort
54564
Successfully changed project path to: C:/Users/alexa/Desktop/Dark/Dark
C:/Users/alexa/Desktop/Dark/Dark
Using Asset Import Pipeline V2.
Refreshing native plugins compatible for Editor in 88.31 ms, found 1 plugins.
Preloading 0 native plugins for Editor in 0.00 ms.
Initialize engine version: 2020.3.1f1 (77a89f25062f)
[Subsystems] Discovering subsystems at path C:/Program Files/Unity/Hub/Editor/2020.3.1f1/Editor/Data/Resources/UnitySubsystems
[Subsystems] Discovering subsystems at path C:/Users/alexa/Desktop/Dark/Dark/Assets
GfxDevice: creating device client; threaded=0
Direct3D:
    Version:  Direct3D 11.0 [level 11.1]
    Renderer: AMD Radeon(TM) R5 Graphics (ID=0x98e4)
    Vendor:   
    VRAM:     3564 MB
    Driver:   27.20.11044.7
Initialize mono
Mono path[0] = 'C:/Program Files/Unity/Hub/Editor/2020.3.1f1/Editor/Data/Managed'
Mono path[1] = 'C:/Program Files/Unity/Hub/Editor/2020.3.1f1/Editor/Data/MonoBleedingEdge/lib/mono/unityjit'
Mono config path = 'C:/Program Files/Unity/Hub/Editor/2020.3.1f1/Editor/Data/MonoBleedingEdge/etc'
Using monoOptions --debugger-agent=transport=dt_socket,embedding=1,server=y,suspend=n,address=127.0.0.1:56984
Begin MonoManager ReloadAssembly
Registering precompiled unity dll's ...
Register platform support module: C:/Program Files/Unity/Hub/Editor/2020.3.1f1/Editor/Data/PlaybackEngines/WebGLSupport/UnityEditor.WebGL.Extensions.dll
Register platform support module: C:/Program Files/Unity/Hub/Editor/2020.3.1f1/Editor/Data/PlaybackEngines/MacStandaloneSupport/UnityEditor.OSXStandalone.Extensions.dll
Register platform support module: C:/Program Files/Unity/Hub/Editor/2020.3.1f1/Editor/Data/PlaybackEngines/WindowsStandaloneSupport/UnityEditor.WindowsStandalone.Extensions.dll
Register platform support module: C:/Program Files/Unity/Hub/Editor/2020.3.1f1/Editor/Data/PlaybackEngines/LinuxStandaloneSupport/UnityEditor.LinuxStandalone.Extensions.dll
Registered in 0.010506 seconds.
Native extension for LinuxStandalone target not found
Native extension for WindowsStandalone target not found
Native extension for OSXStandalone target not found
Native extension for WebGL target not found
Refreshing native plugins compatible for Editor in 76.33 ms, found 1 plugins.
Preloading 0 native plugins for Editor in 0.00 ms.
Invoked RoslynAnalysisRunner static constructor.
RoslynAnalysisRunner will not be running.
RoslynAnalysisRunner has terminated.
Mono: successfully reloaded assembly
- Completed reload, in  3.818 seconds
Platform modules already initialized, skipping
Registering precompiled user dll's ...
Registered in 0.004279 seconds.
Begin MonoManager ReloadAssembly
Native extension for LinuxStandalone target not found
Native extension for WindowsStandalone target not found
Native extension for OSXStandalone target not found
Native extension for WebGL target not found
Refreshing native plugins compatible for Editor in 107.28 ms, found 1 plugins.
Preloading 0 native plugins for Editor in 0.00 ms.
Invoked RoslynAnalysisRunner static constructor.
RoslynAnalysisRunner will not be running.
RoslynAnalysisRunner has terminated.
Mono: successfully reloaded assembly
- Completed reload, in  2.591 seconds
Platform modules already initialized, skipping
========================================================================
Worker process is ready to serve import requests
Launched and connected shader compiler UnityShaderCompiler.exe after 0.16 seconds
Refreshing native plugins compatible for Editor in 1.00 ms, found 1 plugins.
Preloading 0 native plugins for Editor in 0.00 ms.
Unloading 1816 Unused Serialized files (Serialized files now loaded: 0)
System memory in use before: 85.1 MB.
System memory in use after: 85.0 MB.

Unloading 24 unused Assets to reduce memory usage. Loaded Objects now: 2259.
Total: 6.324800 ms (FindLiveObjects: 0.550300 ms CreateObjectMapping: 0.531300 ms MarkObjects: 4.929900 ms  DeleteObjects: 0.309100 ms)

========================================================================
Received Import Request.
  path: Assets/House/House isometric.prefab
  artifactKey: Guid(58751248771f87d4889f217e1ed7ff9b) Importer(815301076,1909f56bfc062723c751e8b465ee728b)
Start importing Assets/House/House isometric.prefab using Guid(58751248771f87d4889f217e1ed7ff9b) Importer(815301076,1909f56bfc062723c751e8b465ee728b)  -> (artifact id: '9e0e17202e28d637c368fe2abe0fef84') in 0.128938 seconds
  Import took 0.135204 seconds .

========================================================================
Received Import Request.
  Time since last request: 9.049620 seconds.
  path: Assets/House/House sprites/portal_left.png
  artifactKey: Guid(98f5894130630b94189855b85613fa3d) Importer(815301076,1909f56bfc062723c751e8b465ee728b)
Start importing Assets/House/House sprites/portal_left.png using Guid(98f5894130630b94189855b85613fa3d) Importer(815301076,1909f56bfc062723c751e8b465ee728b)  -> (artifact id: 'ea8bbf734b302665a8350dcfa186d487') in 1.142548 seconds
  Import took 1.176285 seconds .

========================================================================
Received Import Request.
  Time since last request: 17.483836 seconds.
  path: Assets/House/House sprites/portal_left.png
  artifactKey: Guid(98f5894130630b94189855b85613fa3d) Importer(815301076,1909f56bfc062723c751e8b465ee728b)
Start importing Assets/House/House sprites/portal_left.png using Guid(98f5894130630b94189855b85613fa3d) Importer(815301076,1909f56bfc062723c751e8b465ee728b)  -> (artifact id: 'de2e54a01fb5a2f29cf5119c19e5d0e2') in 0.062115 seconds
  Import took 0.083981 seconds .

========================================================================
Received Import Request.
  Time since last request: 105.055653 seconds.
  path: Assets/House/House sprites/portal_left.png
  artifactKey: Guid(98f5894130630b94189855b85613fa3d) Importer(815301076,1909f56bfc062723c751e8b465ee728b)
Start importing Assets/House/House sprites/portal_left.png using Guid(98f5894130630b94189855b85613fa3d) Importer(815301076,1909f56bfc062723c751e8b465ee728b)  -> (artifact id: 'c2eb7b9ee31bd4b4309b000a3d8b3089') in 0.068480 seconds
  Import took 0.092103 seconds .

========================================================================
Received Import Request.
  Time since last request: 23.977661 seconds.
  path: Assets/House/House sprites/portal_left.png
  artifactKey: Guid(98f5894130630b94189855b85613fa3d) Importer(815301076,1909f56bfc062723c751e8b465ee728b)
Start importing Assets/House/House sprites/portal_left.png using Guid(98f5894130630b94189855b85613fa3d) Importer(815301076,1909f56bfc062723c751e8b465ee728b)  -> (artifact id: 'ddd2792e795b538f543b9933f62e30a2') in 0.057098 seconds
  Import took 0.089059 seconds .

========================================================================
Received Import Request.
  Time since last request: 278.596604 seconds.
  path: Assets/House/House sprites/door2-left.png
  artifactKey: Guid(fd9321280bde271418f7d1d6d3c2bac3) Importer(815301076,1909f56bfc062723c751e8b465ee728b)
Start importing Assets/House/House sprites/door2-left.png using Guid(fd9321280bde271418f7d1d6d3c2bac3) Importer(815301076,1909f56bfc062723c751e8b465ee728b)  -> (artifact id: 'bcde460204a7edb4bae97c1514b4f064') in 0.091844 seconds
  Import took 0.197487 seconds .

========================================================================
Received Import Request.
  Time since last request: 13.051264 seconds.
  path: Assets/House/House sprites/door2-left.asset
  artifactKey: Guid(9288b6c93e935cc46b608600c238a982) Importer(815301076,1909f56bfc062723c751e8b465ee728b)
Start importing Assets/House/House sprites/door2-left.asset using Guid(9288b6c93e935cc46b608600c238a982) Importer(815301076,1909f56bfc062723c751e8b465ee728b)  -> (artifact id: 'e3a26a513e6ef4ab9edd1fc1bd359b4a') in 0.402729 seconds
  Import took 0.418535 seconds .

========================================================================
Received Import Request.
  Time since last request: 13.100027 seconds.
  path: Assets/House/House sprites/door2-left.png
  artifactKey: Guid(fd9321280bde271418f7d1d6d3c2bac3) Importer(815301076,1909f56bfc062723c751e8b465ee728b)
Start importing Assets/House/House sprites/door2-left.png using Guid(fd9321280bde271418f7d1d6d3c2bac3) Importer(815301076,1909f56bfc062723c751e8b465ee728b)  -> (artifact id: '8a2f44579d1a05d26d31ae7891cd528f') in 0.075780 seconds
  Import took 0.088029 seconds .

========================================================================
Received Import Request.
  Time since last request: 89.138229 seconds.
  path: Assets/House/House sprites/door2-left.png
  artifactKey: Guid(fd9321280bde271418f7d1d6d3c2bac3) Importer(815301076,1909f56bfc062723c751e8b465ee728b)
Start importing Assets/House/House sprites/door2-left.png using Guid(fd9321280bde271418f7d1d6d3c2bac3) Importer(815301076,1909f56bfc062723c751e8b465ee728b)  -> (artifact id: 'a5945457919f06bb0c248fc0c64102a1') in 0.060986 seconds
  Import took 0.079486 seconds .

========================================================================
Received Import Request.
  Time since last request: 55.738184 seconds.
  path: Assets/House/House sprites/portal_left.png
  artifactKey: Guid(98f5894130630b94189855b85613fa3d) Importer(815301076,1909f56bfc062723c751e8b465ee728b)
Start importing Assets/House/House sprites/portal_left.png using Guid(98f5894130630b94189855b85613fa3d) Importer(815301076,1909f56bfc062723c751e8b465ee728b)  -> (artifact id: '2233e015aad7b065c282d358cdf3edc5') in 0.063551 seconds
  Import took 0.086245 seconds .

========================================================================
Received Import Request.
  Time since last request: 90.580624 seconds.
  path: Assets/House/House sprites/32_flagstone_tiles_10.asset
  artifactKey: Guid(f7d93ff28cab338479ab329d10ba53e6) Importer(815301076,1909f56bfc062723c751e8b465ee728b)
Start importing Assets/House/House sprites/32_flagstone_tiles_10.asset using Guid(f7d93ff28cab338479ab329d10ba53e6) Importer(815301076,1909f56bfc062723c751e8b465ee728b)  -> (artifact id: '2ab9dceb8c1b493294575dae5c385a51') in 0.100165 seconds
  Import took 0.118375 seconds .

========================================================================
Received Import Request.
  Time since last request: 99.250846 seconds.
  path: Assets/House/House sprites/portal_left.png
  artifactKey: Guid(98f5894130630b94189855b85613fa3d) Importer(815301076,1909f56bfc062723c751e8b465ee728b)
Start importing Assets/House/House sprites/portal_left.png using Guid(98f5894130630b94189855b85613fa3d) Importer(815301076,1909f56bfc062723c751e8b465ee728b)  -> (artifact id: '5c9f3767ec5bf3a8d56d9d408560df0d') in 0.072091 seconds
  Import took 0.098406 seconds .

========================================================================
Received Import Request.
  Time since last request: 12.573382 seconds.
  path: Assets/House/House sprites/portal_left.png
  artifactKey: Guid(98f5894130630b94189855b85613fa3d) Importer(815301076,1909f56bfc062723c751e8b465ee728b)
Start importing Assets/House/House sprites/portal_left.png using Guid(98f5894130630b94189855b85613fa3d) Importer(815301076,1909f56bfc062723c751e8b465ee728b)  -> (artifact id: '3729ab8a2e890a6aae9f7753bb5d2e56') in 0.047451 seconds
  Import took 0.102658 seconds .

========================================================================
Received Import Request.
  Time since last request: 51.934833 seconds.
  path: Assets/House/House sprites/portal_left.png
  artifactKey: Guid(98f5894130630b94189855b85613fa3d) Importer(815301076,1909f56bfc062723c751e8b465ee728b)
Start importing Assets/House/House sprites/portal_left.png using Guid(98f5894130630b94189855b85613fa3d) Importer(815301076,1909f56bfc062723c751e8b465ee728b)  -> (artifact id: '18fc85f1cfc8eee76a951296e9bb8c8e') in 0.048183 seconds
  Import took 0.061775 seconds .

========================================================================
Received Import Request.
  Time since last request: 13.598091 seconds.
  path: Assets/House/House sprites/portal_left.png
  artifactKey: Guid(98f5894130630b94189855b85613fa3d) Importer(815301076,1909f56bfc062723c751e8b465ee728b)
Start importing Assets/House/House sprites/portal_left.png using Guid(98f5894130630b94189855b85613fa3d) Importer(815301076,1909f56bfc062723c751e8b465ee728b)  -> (artifact id: '3c5cb8b78005f161c749c060a103228e') in 0.055528 seconds
  Import took 0.076652 seconds .

========================================================================
Received Import Request.
  Time since last request: 9.192992 seconds.
  path: Assets/House/House sprites/portal_left.png
  artifactKey: Guid(98f5894130630b94189855b85613fa3d) Importer(815301076,1909f56bfc062723c751e8b465ee728b)
Start importing Assets/House/House sprites/portal_left.png using Guid(98f5894130630b94189855b85613fa3d) Importer(815301076,1909f56bfc062723c751e8b465ee728b)  -> (artifact id: '17170cede74b1cc907c4da1132565475') in 0.060661 seconds
  Import took 0.105419 seconds .

========================================================================
Received Import Request.
  Time since last request: 10.264543 seconds.
  path: Assets/House/House sprites/portal_left.png
  artifactKey: Guid(98f5894130630b94189855b85613fa3d) Importer(815301076,1909f56bfc062723c751e8b465ee728b)
Start importing Assets/House/House sprites/portal_left.png using Guid(98f5894130630b94189855b85613fa3d) Importer(815301076,1909f56bfc062723c751e8b465ee728b)  -> (artifact id: 'ba9c7d391417ceb315dc2fe90eb041d8') in 0.054881 seconds
  Import took 0.065957 seconds .

========================================================================
Received Import Request.
  Time since last request: 22.311460 seconds.
  path: Assets/House/House sprites/portal_left.png
  artifactKey: Guid(98f5894130630b94189855b85613fa3d) Importer(815301076,1909f56bfc062723c751e8b465ee728b)
Start importing Assets/House/House sprites/portal_left.png using Guid(98f5894130630b94189855b85613fa3d) Importer(815301076,1909f56bfc062723c751e8b465ee728b)  -> (artifact id: '74a339c56bf411c441b3c09e9c31edc3') in 0.056034 seconds
  Import took 0.065410 seconds .

========================================================================
Received Import Request.
  Time since last request: 13.737411 seconds.
  path: Assets/House/House sprites/portal_left.png
  artifactKey: Guid(98f5894130630b94189855b85613fa3d) Importer(815301076,1909f56bfc062723c751e8b465ee728b)
Start importing Assets/House/House sprites/portal_left.png using Guid(98f5894130630b94189855b85613fa3d) Importer(815301076,1909f56bfc062723c751e8b465ee728b)  -> (artifact id: '2277479772b397e6891816f9ba54d1ab') in 0.050949 seconds
  Import took 0.059650 seconds .

========================================================================
Received Import Request.
  Time since last request: 22.340563 seconds.
  path: Assets/House/House sprites/portal_left.png
  artifactKey: Guid(98f5894130630b94189855b85613fa3d) Importer(815301076,1909f56bfc062723c751e8b465ee728b)
Start importing Assets/House/House sprites/portal_left.png using Guid(98f5894130630b94189855b85613fa3d) Importer(815301076,1909f56bfc062723c751e8b465ee728b)  -> (artifact id: '2d3dff2577ac38fb79ccd4eaec1805b9') in 0.077834 seconds
  Import took 0.095588 seconds .

========================================================================
Received Import Request.
  Time since last request: 11.388249 seconds.
  path: Assets/House/House sprites/portal_left.png
  artifactKey: Guid(98f5894130630b94189855b85613fa3d) Importer(815301076,1909f56bfc062723c751e8b465ee728b)
Start importing Assets/House/House sprites/portal_left.png using Guid(98f5894130630b94189855b85613fa3d) Importer(815301076,1909f56bfc062723c751e8b465ee728b)  -> (artifact id: '31cc8bcac12d8bb0259ef4fdd67b4caf') in 0.070892 seconds
  Import took 0.082993 seconds .

========================================================================
Received Import Request.
  Time since last request: 19.377721 seconds.
  path: Assets/House/House sprites/portal_left.png
  artifactKey: Guid(98f5894130630b94189855b85613fa3d) Importer(815301076,1909f56bfc062723c751e8b465ee728b)
Start importing Assets/House/House sprites/portal_left.png using Guid(98f5894130630b94189855b85613fa3d) Importer(815301076,1909f56bfc062723c751e8b465ee728b)  -> (artifact id: '79b7e4b6632e0437bc127f3cab516db2') in 0.064053 seconds
  Import took 0.091330 seconds .

========================================================================
Received Import Request.
  Time since last request: 13.346680 seconds.
  path: Assets/House/House sprites/portal_left.png
  artifactKey: Guid(98f5894130630b94189855b85613fa3d) Importer(815301076,1909f56bfc062723c751e8b465ee728b)
Start importing Assets/House/House sprites/portal_left.png using Guid(98f5894130630b94189855b85613fa3d) Importer(815301076,1909f56bfc062723c751e8b465ee728b)  -> (artifact id: '87478a030723f98975397bc8a443b4d2') in 0.053691 seconds
  Import took 0.062726 seconds .

========================================================================
Received Import Request.
  Time since last request: 20.339651 seconds.
  path: Assets/House/House sprites/portal_left.png
  artifactKey: Guid(98f5894130630b94189855b85613fa3d) Importer(815301076,1909f56bfc062723c751e8b465ee728b)
Start importing Assets/House/House sprites/portal_left.png using Guid(98f5894130630b94189855b85613fa3d) Importer(815301076,1909f56bfc062723c751e8b465ee728b)  -> (artifact id: 'a850e53a513cbba66412c7ab29e14f60') in 0.051469 seconds
  Import took 0.081075 seconds .

========================================================================
Received Prepare
Registering precompiled user dll's ...
Registered in 0.002280 seconds.
Begin MonoManager ReloadAssembly
Native extension for LinuxStandalone target not found
Native extension for WindowsStandalone target not found
Native extension for OSXStandalone target not found
Native extension for WebGL target not found
Refreshing native plugins compatible for Editor in 1.24 ms, found 1 plugins.
Preloading 0 native plugins for Editor in 0.00 ms.
Invoked RoslynAnalysisRunner static constructor.
RoslynAnalysisRunner will not be running.
RoslynAnalysisRunner has terminated.
Mono: successfully reloaded assembly
- Completed reload, in  3.179 seconds
Platform modules already initialized, skipping
Refreshing native plugins compatible for Editor in 0.81 ms, found 1 plugins.
Preloading 0 native plugins for Editor in 0.00 ms.
Unloading 1811 Unused Serialized files (Serialized files now loaded: 0)
System memory in use before: 88.2 MB.
System memory in use after: 88.2 MB.

Unloading 12 unused Assets to reduce memory usage. Loaded Objects now: 2274.
Total: 9.072200 ms (FindLiveObjects: 0.721100 ms CreateObjectMapping: 0.187600 ms MarkObjects: 7.876100 ms  DeleteObjects: 0.283100 ms)

========================================================================
Received Import Request.
  Time since last request: 46.481140 seconds.
  path: Assets/House/House sprites/portal_left.png
  artifactKey: Guid(98f5894130630b94189855b85613fa3d) Importer(815301076,1909f56bfc062723c751e8b465ee728b)
Start importing Assets/House/House sprites/portal_left.png using Guid(98f5894130630b94189855b85613fa3d) Importer(815301076,1909f56bfc062723c751e8b465ee728b)  -> (artifact id: 'c04ec35afe5d2a79f2b9890d455682bf') in 0.348907 seconds
  Import took 0.382895 seconds .

========================================================================
Received Prepare
Registering precompiled user dll's ...
Registered in 0.006389 seconds.
Begin MonoManager ReloadAssembly
Native extension for LinuxStandalone target not found
Native extension for WindowsStandalone target not found
Native extension for OSXStandalone target not found
Native extension for WebGL target not found
Refreshing native plugins compatible for Editor in 0.74 ms, found 1 plugins.
Preloading 0 native plugins for Editor in 0.00 ms.
Invoked RoslynAnalysisRunner static constructor.
RoslynAnalysisRunner will not be running.
RoslynAnalysisRunner has terminated.
Mono: successfully reloaded assembly
- Completed reload, in  2.892 seconds
Platform modules already initialized, skipping
Refreshing native plugins compatible for Editor in 0.90 ms, found 1 plugins.
Preloading 0 native plugins for Editor in 0.00 ms.
Unloading 1811 Unused Serialized files (Serialized files now loaded: 0)
System memory in use before: 88.2 MB.
System memory in use after: 88.2 MB.

Unloading 12 unused Assets to reduce memory usage. Loaded Objects now: 2279.
Total: 7.514800 ms (FindLiveObjects: 0.715400 ms CreateObjectMapping: 1.512800 ms MarkObjects: 4.967500 ms  DeleteObjects: 0.315300 ms)

========================================================================
Received Import Request.
  Time since last request: 71.946603 seconds.
  path: Assets/House/House sprites/portal_left.png
  artifactKey: Guid(98f5894130630b94189855b85613fa3d) Importer(815301076,1909f56bfc062723c751e8b465ee728b)
Start importing Assets/House/House sprites/portal_left.png using Guid(98f5894130630b94189855b85613fa3d) Importer(815301076,1909f56bfc062723c751e8b465ee728b)  -> (artifact id: '42957d06e4fb8f7074b2a70624bc8939') in 0.142912 seconds
  Import took 0.149250 seconds .

========================================================================
Received Import Request.
  Time since last request: 9.651475 seconds.
  path: Assets/House/House sprites/portal_left.png
  artifactKey: Guid(98f5894130630b94189855b85613fa3d) Importer(815301076,1909f56bfc062723c751e8b465ee728b)
Start importing Assets/House/House sprites/portal_left.png using Guid(98f5894130630b94189855b85613fa3d) Importer(815301076,1909f56bfc062723c751e8b465ee728b)  -> (artifact id: 'fedcc6f7895ea4faa1edf2a110108c11') in 0.302693 seconds
  Import took 0.325207 seconds .

========================================================================
Received Import Request.
  Time since last request: 11.541884 seconds.
  path: Assets/House/House sprites/portal_left.png
  artifactKey: Guid(98f5894130630b94189855b85613fa3d) Importer(815301076,1909f56bfc062723c751e8b465ee728b)
Start importing Assets/House/House sprites/portal_left.png using Guid(98f5894130630b94189855b85613fa3d) Importer(815301076,1909f56bfc062723c751e8b465ee728b)  -> (artifact id: '388f7332018c54a76119a2600b4f9abe') in 0.072790 seconds
  Import took 0.120940 seconds .

========================================================================
Received Import Request.
  Time since last request: 23.121504 seconds.
  path: Assets/House/House sprites/portal_left.png
  artifactKey: Guid(98f5894130630b94189855b85613fa3d) Importer(815301076,1909f56bfc062723c751e8b465ee728b)
Start importing Assets/House/House sprites/portal_left.png using Guid(98f5894130630b94189855b85613fa3d) Importer(815301076,1909f56bfc062723c751e8b465ee728b)  -> (artifact id: '2b9a35cf66baf8001ed81fcc70cb9e9f') in 0.065585 seconds
  Import took 0.078094 seconds .

========================================================================
Received Import Request.
  Time since last request: 13.540959 seconds.
  path: Assets/House/House sprites/portal_left.png
  artifactKey: Guid(98f5894130630b94189855b85613fa3d) Importer(815301076,1909f56bfc062723c751e8b465ee728b)
Start importing Assets/House/House sprites/portal_left.png using Guid(98f5894130630b94189855b85613fa3d) Importer(815301076,1909f56bfc062723c751e8b465ee728b)  -> (artifact id: '0eea676ed28cf38d67e1d977994cfc9a') in 0.126158 seconds
  Import took 0.156447 seconds .

========================================================================
Received Import Request.
  Time since last request: 19.043672 seconds.
  path: Assets/House/House sprites/portal_left.png
  artifactKey: Guid(98f5894130630b94189855b85613fa3d) Importer(815301076,1909f56bfc062723c751e8b465ee728b)
Start importing Assets/House/House sprites/portal_left.png using Guid(98f5894130630b94189855b85613fa3d) Importer(815301076,1909f56bfc062723c751e8b465ee728b)  -> (artifact id: '47bb6ae241d9a46cd366ecb8c03ae246') in 0.062023 seconds
  Import took 0.073664 seconds .

========================================================================
Received Prepare
Registering precompiled user dll's ...
Registered in 0.001926 seconds.
Begin MonoManager ReloadAssembly
Native extension for LinuxStandalone target not found
Native extension for WindowsStandalone target not found
Native extension for OSXStandalone target not found
Native extension for WebGL target not found
Refreshing native plugins compatible for Editor in 0.92 ms, found 1 plugins.
Preloading 0 native plugins for Editor in 0.00 ms.
Invoked RoslynAnalysisRunner static constructor.
RoslynAnalysisRunner will not be running.
RoslynAnalysisRunner has terminated.
Mono: successfully reloaded assembly
- Completed reload, in  3.807 seconds
Platform modules already initialized, skipping
Refreshing native plugins compatible for Editor in 2.97 ms, found 1 plugins.
Preloading 0 native plugins for Editor in 0.00 ms.
Unloading 1811 Unused Serialized files (Serialized files now loaded: 0)
System memory in use before: 88.2 MB.
System memory in use after: 88.2 MB.

Unloading 12 unused Assets to reduce memory usage. Loaded Objects now: 2284.
Total: 21.047400 ms (FindLiveObjects: 1.327300 ms CreateObjectMapping: 0.297900 ms MarkObjects: 19.072300 ms  DeleteObjects: 0.345400 ms)

========================================================================
Received Prepare
Registering precompiled user dll's ...
Registered in 0.002364 seconds.
Begin MonoManager ReloadAssembly
Native extension for LinuxStandalone target not found
Native extension for WindowsStandalone target not found
Native extension for OSXStandalone target not found
Native extension for WebGL target not found
Refreshing native plugins compatible for Editor in 0.78 ms, found 1 plugins.
Preloading 0 native plugins for Editor in 0.00 ms.
Invoked RoslynAnalysisRunner static constructor.
RoslynAnalysisRunner will not be running.
RoslynAnalysisRunner has terminated.
Mono: successfully reloaded assembly
- Completed reload, in  1.969 seconds
Platform modules already initialized, skipping
Refreshing native plugins compatible for Editor in 0.79 ms, found 1 plugins.
Preloading 0 native plugins for Editor in 0.00 ms.
Unloading 1811 Unused Serialized files (Serialized files now loaded: 0)
System memory in use before: 88.3 MB.
System memory in use after: 88.2 MB.

Unloading 12 unused Assets to reduce memory usage. Loaded Objects now: 2288.
Total: 4.970400 ms (FindLiveObjects: 0.569300 ms CreateObjectMapping: 0.170100 ms MarkObjects: 3.945900 ms  DeleteObjects: 0.280200 ms)

========================================================================
Received Import Request.
  Time since last request: 680.771470 seconds.
  path: Assets/Scenes/StartingAisle.unity
  artifactKey: Guid(264cbc4ac8ef3134b869085e83dfaabe) Importer(815301076,1909f56bfc062723c751e8b465ee728b)
Start importing Assets/Scenes/StartingAisle.unity using Guid(264cbc4ac8ef3134b869085e83dfaabe) Importer(815301076,1909f56bfc062723c751e8b465ee728b)  -> (artifact id: '1a98bc15bfb5d6335567a726a0adac07') in 0.041827 seconds
  Import took 0.048220 seconds .

========================================================================
Received Import Request.
  Time since last request: 16.691331 seconds.
  path: Assets/House/House isometric.prefab
  artifactKey: Guid(58751248771f87d4889f217e1ed7ff9b) Importer(815301076,1909f56bfc062723c751e8b465ee728b)
Start importing Assets/House/House isometric.prefab using Guid(58751248771f87d4889f217e1ed7ff9b) Importer(815301076,1909f56bfc062723c751e8b465ee728b)  -> (artifact id: '74df5e866a0b8f22620e353d2c7a8875') in 0.035093 seconds
  Import took 0.042692 seconds .

========================================================================
Received Import Request.
  Time since last request: 26.369858 seconds.
  path: Assets/House/House sprites/1 Floor - Tiled 128x64_8.asset
  artifactKey: Guid(0a07eac27f226244488627000e49e48a) Importer(815301076,1909f56bfc062723c751e8b465ee728b)
Start importing Assets/House/House sprites/1 Floor - Tiled 128x64_8.asset using Guid(0a07eac27f226244488627000e49e48a) Importer(815301076,1909f56bfc062723c751e8b465ee728b)  -> (artifact id: '14a18a68233f9f39b928b847ce02d83a') in 0.094522 seconds
  Import took 0.344329 seconds .

========================================================================
Received Import Request.
  Time since last request: 21.393921 seconds.
  path: Assets/House/House sprites/1 Floor - Tiled 128x64_8.asset
  artifactKey: Guid(0a07eac27f226244488627000e49e48a) Importer(815301076,1909f56bfc062723c751e8b465ee728b)
Start importing Assets/House/House sprites/1 Floor - Tiled 128x64_8.asset using Guid(0a07eac27f226244488627000e49e48a) Importer(815301076,1909f56bfc062723c751e8b465ee728b)  -> (artifact id: '416a585a86383d6e5689466bd7c28b4f') in 0.026861 seconds
  Import took 0.154192 seconds .

========================================================================
Received Import Request.
  Time since last request: 13.031484 seconds.
  path: Assets/House/House sprites/2 Ground - Rocky 128x64_1.asset
  artifactKey: Guid(61c454a80eaf7f3468e69ce5df0c0194) Importer(815301076,1909f56bfc062723c751e8b465ee728b)
Start importing Assets/House/House sprites/2 Ground - Rocky 128x64_1.asset using Guid(61c454a80eaf7f3468e69ce5df0c0194) Importer(815301076,1909f56bfc062723c751e8b465ee728b)  -> (artifact id: '86333e6d3ee4f8fa556fc6a180d6d5a9') in 0.079966 seconds
  Import took 0.091226 seconds .

========================================================================
Received Import Request.
  Time since last request: 47.028516 seconds.
  path: Assets/House/House sprites/32_flagstone_tiles_20.asset
  artifactKey: Guid(db1f7c924ed1bf4439e8c44f43321d0f) Importer(815301076,1909f56bfc062723c751e8b465ee728b)
Start importing Assets/House/House sprites/32_flagstone_tiles_20.asset using Guid(db1f7c924ed1bf4439e8c44f43321d0f) Importer(815301076,1909f56bfc062723c751e8b465ee728b)  -> (artifact id: 'f22c04edfe2160ea5650b4224401f885') in 0.092875 seconds
  Import took 0.105996 seconds .

========================================================================
Received Import Request.
  Time since last request: 11.807253 seconds.
  path: Assets/House/House sprites/32_flagstone_tiles_19.asset
  artifactKey: Guid(f3bfb1cf9404908408ee83f1b30f1c80) Importer(815301076,1909f56bfc062723c751e8b465ee728b)
Start importing Assets/House/House sprites/32_flagstone_tiles_19.asset using Guid(f3bfb1cf9404908408ee83f1b30f1c80) Importer(815301076,1909f56bfc062723c751e8b465ee728b)  -> (artifact id: 'd9f7378f6b81eb17a1376aae1183e2ae') in 0.453873 seconds
  Import took 0.481787 seconds .

========================================================================
Received Import Request.
  Time since last request: 217.790011 seconds.
  path: Assets/House/House sprites/portal_right.asset
  artifactKey: Guid(7989b202e1edfc2449a26ccde3b150ca) Importer(815301076,1909f56bfc062723c751e8b465ee728b)
Start importing Assets/House/House sprites/portal_right.asset using Guid(7989b202e1edfc2449a26ccde3b150ca) Importer(815301076,1909f56bfc062723c751e8b465ee728b)  -> (artifact id: '97133d39df9b7d3129949a2f599ec120') in 0.064416 seconds
  Import took 0.108491 seconds .

========================================================================
Received Import Request.
  Time since last request: 59.957461 seconds.
  path: Assets/House/House sprites/portal_right.png
  artifactKey: Guid(93970c1c13890344fbf6d2ebf0534b79) Importer(815301076,1909f56bfc062723c751e8b465ee728b)
Start importing Assets/House/House sprites/portal_right.png using Guid(93970c1c13890344fbf6d2ebf0534b79) Importer(815301076,1909f56bfc062723c751e8b465ee728b)  -> (artifact id: 'bf4b33ec88ac088e3c7f8f3f7bbfcb6d') in 0.095737 seconds
  Import took 0.106405 seconds .

========================================================================
Received Import Request.
  Time since last request: 38.100984 seconds.
  path: Assets/House/House sprites/portal_right.png
  artifactKey: Guid(93970c1c13890344fbf6d2ebf0534b79) Importer(815301076,1909f56bfc062723c751e8b465ee728b)
Start importing Assets/House/House sprites/portal_right.png using Guid(93970c1c13890344fbf6d2ebf0534b79) Importer(815301076,1909f56bfc062723c751e8b465ee728b)  -> (artifact id: '74b406a266ff165ec1b759c82e9a27fb') in 0.060051 seconds
  Import took 0.069264 seconds .

========================================================================
Received Import Request.
  Time since last request: 14.381175 seconds.
  path: Assets/House/House sprites/portal_right.png
  artifactKey: Guid(93970c1c13890344fbf6d2ebf0534b79) Importer(815301076,1909f56bfc062723c751e8b465ee728b)
Start importing Assets/House/House sprites/portal_right.png using Guid(93970c1c13890344fbf6d2ebf0534b79) Importer(815301076,1909f56bfc062723c751e8b465ee728b)  -> (artifact id: '628137b254f6bac8bbb9aa1304730be2') in 0.081865 seconds
  Import took 0.148159 seconds .

========================================================================
Received Import Request.
  Time since last request: 12.981620 seconds.
  path: Assets/House/House sprites/portal_right.png
  artifactKey: Guid(93970c1c13890344fbf6d2ebf0534b79) Importer(815301076,1909f56bfc062723c751e8b465ee728b)
Start importing Assets/House/House sprites/portal_right.png using Guid(93970c1c13890344fbf6d2ebf0534b79) Importer(815301076,1909f56bfc062723c751e8b465ee728b)  -> (artifact id: '1bb33d943f470a71ac70d94eb6e5ff56') in 0.055655 seconds
  Import took 0.070702 seconds .

========================================================================
Received Import Request.
  Time since last request: 14.937722 seconds.
  path: Assets/House/House sprites/portal_right.png
  artifactKey: Guid(93970c1c13890344fbf6d2ebf0534b79) Importer(815301076,1909f56bfc062723c751e8b465ee728b)
Start importing Assets/House/House sprites/portal_right.png using Guid(93970c1c13890344fbf6d2ebf0534b79) Importer(815301076,1909f56bfc062723c751e8b465ee728b)  -> (artifact id: '61cf8970fb7bc3d37243a0a8530b0138') in 0.077998 seconds
  Import took 0.085763 seconds .

========================================================================
Received Import Request.
  Time since last request: 504.451806 seconds.
  path: Assets/Scenes/StartingAisle.unity
  artifactKey: Guid(264cbc4ac8ef3134b869085e83dfaabe) Importer(815301076,1909f56bfc062723c751e8b465ee728b)
Start importing Assets/Scenes/StartingAisle.unity using Guid(264cbc4ac8ef3134b869085e83dfaabe) Importer(815301076,1909f56bfc062723c751e8b465ee728b)  -> (artifact id: 'ec9efcefea14a57d4092c7e0ba3cd060') in 0.029250 seconds
  Import took 0.045802 seconds .

========================================================================
Received Import Request.
  Time since last request: 16.688951 seconds.
  path: Assets/Scenes/StartingRoom.unity
  artifactKey: Guid(fe5e473702f2ec14aa058e389e040b4b) Importer(815301076,1909f56bfc062723c751e8b465ee728b)
Start importing Assets/Scenes/StartingRoom.unity using Guid(fe5e473702f2ec14aa058e389e040b4b) Importer(815301076,1909f56bfc062723c751e8b465ee728b)  -> (artifact id: '848f8c70ea7709dc40d37995b23fb59a') in 0.020229 seconds
  Import took 0.058645 seconds .

========================================================================
Received Prepare
Registering precompiled user dll's ...
Registered in 0.002888 seconds.
Begin MonoManager ReloadAssembly
Native extension for LinuxStandalone target not found
Native extension for WindowsStandalone target not found
Native extension for OSXStandalone target not found
Native extension for WebGL target not found
Refreshing native plugins compatible for Editor in 3.37 ms, found 1 plugins.
Preloading 0 native plugins for Editor in 0.00 ms.
Invoked RoslynAnalysisRunner static constructor.
RoslynAnalysisRunner will not be running.
RoslynAnalysisRunner has terminated.
Mono: successfully reloaded assembly
- Completed reload, in  5.692 seconds
Platform modules already initialized, skipping
Refreshing native plugins compatible for Editor in 0.94 ms, found 1 plugins.
Preloading 0 native plugins for Editor in 0.00 ms.
Unloading 1811 Unused Serialized files (Serialized files now loaded: 0)
System memory in use before: 88.3 MB.
System memory in use after: 88.3 MB.

Unloading 12 unused Assets to reduce memory usage. Loaded Objects now: 2297.
Total: 29.447700 ms (FindLiveObjects: 0.852000 ms CreateObjectMapping: 0.278100 ms MarkObjects: 27.988100 ms  DeleteObjects: 0.324800 ms)

